# JRE version: Java(TM) SE Runtime Environment (7.0_51-b13) (build 1.7.0_51-b13)
# Java VM: Java HotSpot(TM) Client VM (24.51-b03 mixed mode, sharing windows-x86 )
Heap
 def new generation   total 4928K, used 2104K [0x23b60000, 0x240b0000, 0x290b0000)
  eden space 4416K,  46% used [0x23b60000, 0x23d631f0, 0x23fb0000)
  from space 512K,   8% used [0x24030000, 0x2403aed8, 0x240b0000)
  to   space 512K,   0% used [0x23fb0000, 0x23fb0000, 0x24030000)
 tenured generation   total 10944K, used 2960K [0x290b0000, 0x29b60000, 0x33b60000)
   the space 10944K,  27% used [0x290b0000, 0x293940d0, 0x29394200, 0x29b60000)
 compacting perm gen  total 12288K, used 3861K [0x33b60000, 0x34760000, 0x37b60000)
   the space 12288K,  31% used [0x33b60000, 0x33f257e0, 0x33f25800, 0x34760000)
    ro space 10240K,  44% used [0x37b60000, 0x37fd7e30, 0x37fd8000, 0x38560000)
    rw space 12288K,  52% used [0x38560000, 0x38baeb58, 0x38baec00, 0x39160000)
GC Heap History (10 events):
Event: 0.395 GC heap before
{Heap before GC invocations=0 (full 0):
 def new generation   total 4928K, used 4400K [0x23b60000, 0x240b0000, 0x290b0000)
  eden space 4416K,  99% used [0x23b60000, 0x23fac268, 0x23fb0000)
  from space 512K,   0% used [0x23fb0000, 0x23fb0000, 0x24030000)
  to   space 512K,   0% used [0x24030000, 0x24030000, 0x240b0000)
 tenured generation   total 10944K, used 0K [0x290b0000, 0x29b60000, 0x33b60000)
   the space 10944K,   0% used [0x290b0000, 0x290b0000, 0x290b0200, 0x29b60000)
 compacting perm gen  total 12288K, used 1284K [0x33b60000, 0x34760000, 0x37b60000)
   the space 12288K,  10% used [0x33b60000, 0x33ca1128, 0x33ca1200, 0x34760000)
    ro space 10240K,  44% used [0x37b60000, 0x37fd7e30, 0x37fd8000, 0x38560000)
    rw space 12288K,  52% used [0x38560000, 0x38baeb58, 0x38baec00, 0x39160000)
Event: 0.400 GC heap after
Heap after GC invocations=1 (full 0):
 def new generation   total 4928K, used 512K [0x23b60000, 0x240b0000, 0x290b0000)
  eden space 4416K,   0% used [0x23b60000, 0x23b60000, 0x23fb0000)
  from space 512K, 100% used [0x24030000, 0x240b0000, 0x240b0000)
  to   space 512K,   0% used [0x23fb0000, 0x23fb0000, 0x24030000)
 tenured generation   total 10944K, used 801K [0x290b0000, 0x29b60000, 0x33b60000)
   the space 10944K,   7% used [0x290b0000, 0x29178758, 0x29178800, 0x29b60000)
 compacting perm gen  total 12288K, used 1284K [0x33b60000, 0x34760000, 0x37b60000)
   the space 12288K,  10% used [0x33b60000, 0x33ca1128, 0x33ca1200, 0x34760000)
    ro space 10240K,  44% used [0x37b60000, 0x37fd7e30, 0x37fd8000, 0x38560000)
    rw space 12288K,  52% used [0x38560000, 0x38baeb58, 0x38baec00, 0x39160000)
}
Event: 0.691 GC heap before
{Heap before GC invocations=1 (full 0):
 def new generation   total 4928K, used 4928K [0x23b60000, 0x240b0000, 0x290b0000)
  eden space 4416K, 100% used [0x23b60000, 0x23fb0000, 0x23fb0000)
  from space 512K, 100% used [0x24030000, 0x240b0000, 0x240b0000)
  to   space 512K,   0% used [0x23fb0000, 0x23fb0000, 0x24030000)
 tenured generation   total 10944K, used 801K [0x290b0000, 0x29b60000, 0x33b60000)
   the space 10944K,   7% used [0x290b0000, 0x29178758, 0x29178800, 0x29b60000)
 compacting perm gen  total 12288K, used 2753K [0x33b60000, 0x34760000, 0x37b60000)
   the space 12288K,  22% used [0x33b60000, 0x33e10538, 0x33e10600, 0x34760000)
    ro space 10240K,  44% used [0x37b60000, 0x37fd7e30, 0x37fd8000, 0x38560000)
    rw space 12288K,  52% used [0x38560000, 0x38baeb58, 0x38baec00, 0x39160000)
Event: 0.699 GC heap after
Heap after GC invocations=2 (full 0):
 def new generation   total 4928K, used 512K [0x23b60000, 0x240b0000, 0x290b0000)
  eden space 4416K,   0% used [0x23b60000, 0x23b60000, 0x23fb0000)
  from space 512K, 100% used [0x23fb0000, 0x24030000, 0x24030000)
  to   space 512K,   0% used [0x24030000, 0x24030000, 0x240b0000)
 tenured generation   total 10944K, used 1923K [0x290b0000, 0x29b60000, 0x33b60000)
   the space 10944K,  17% used [0x290b0000, 0x29290f58, 0x29291000, 0x29b60000)
 compacting perm gen  total 12288K, used 2753K [0x33b60000, 0x34760000, 0x37b60000)
   the space 12288K,  22% used [0x33b60000, 0x33e10538, 0x33e10600, 0x34760000)
    ro space 10240K,  44% used [0x37b60000, 0x37fd7e30, 0x37fd8000, 0x38560000)
    rw space 12288K,  52% used [0x38560000, 0x38baeb58, 0x38baec00, 0x39160000)
}
Event: 0.813 GC heap before
{Heap before GC invocations=2 (full 0):
 def new generation   total 4928K, used 4928K [0x23b60000, 0x240b0000, 0x290b0000)
  eden space 4416K, 100% used [0x23b60000, 0x23fb0000, 0x23fb0000)
  from space 512K, 100% used [0x23fb0000, 0x24030000, 0x24030000)
  to   space 512K,   0% used [0x24030000, 0x24030000, 0x240b0000)
 tenured generation   total 10944K, used 1923K [0x290b0000, 0x29b60000, 0x33b60000)
   the space 10944K,  17% used [0x290b0000, 0x29290f58, 0x29291000, 0x29b60000)
 compacting perm gen  total 12288K, used 3360K [0x33b60000, 0x34760000, 0x37b60000)
   the space 12288K,  27% used [0x33b60000, 0x33ea8180, 0x33ea8200, 0x34760000)
    ro space 10240K,  44% used [0x37b60000, 0x37fd7e30, 0x37fd8000, 0x38560000)
    rw space 12288K,  52% used [0x38560000, 0x38baeb58, 0x38baec00, 0x39160000)
Event: 0.819 GC heap after
Heap after GC invocations=3 (full 0):
 def new generation   total 4928K, used 512K [0x23b60000, 0x240b0000, 0x290b0000)
  eden space 4416K,   0% used [0x23b60000, 0x23b60000, 0x23fb0000)
  from space 512K, 100% used [0x24030000, 0x240b0000, 0x240b0000)
  to   space 512K,   0% used [0x23fb0000, 0x23fb0000, 0x24030000)
 tenured generation   total 10944K, used 2344K [0x290b0000, 0x29b60000, 0x33b60000)
   the space 10944K,  21% used [0x290b0000, 0x292fa148, 0x292fa200, 0x29b60000)
 compacting perm gen  total 12288K, used 3360K [0x33b60000, 0x34760000, 0x37b60000)
   the space 12288K,  27% used [0x33b60000, 0x33ea8180, 0x33ea8200, 0x34760000)
    ro space 10240K,  44% used [0x37b60000, 0x37fd7e30, 0x37fd8000, 0x38560000)
    rw space 12288K,  52% used [0x38560000, 0x38baeb58, 0x38baec00, 0x39160000)
}
Event: 6.801 GC heap before
{Heap before GC invocations=3 (full 0):
 def new generation   total 4928K, used 4928K [0x23b60000, 0x240b0000, 0x290b0000)
  eden space 4416K, 100% used [0x23b60000, 0x23fb0000, 0x23fb0000)
  from space 512K, 100% used [0x24030000, 0x240b0000, 0x240b0000)
  to   space 512K,   0% used [0x23fb0000, 0x23fb0000, 0x24030000)
 tenured generation   total 10944K, used 2344K [0x290b0000, 0x29b60000, 0x33b60000)
   the space 10944K,  21% used [0x290b0000, 0x292fa148, 0x292fa200, 0x29b60000)
 compacting perm gen  total 12288K, used 3836K [0x33b60000, 0x34760000, 0x37b60000)
   the space 12288K,  31% used [0x33b60000, 0x33f1f038, 0x33f1f200, 0x34760000)
    ro space 10240K,  44% used [0x37b60000, 0x37fd7e30, 0x37fd8000, 0x38560000)
    rw space 12288K,  52% used [0x38560000, 0x38baeb58, 0x38baec00, 0x39160000)
Event: 6.807 GC heap after
Heap after GC invocations=4 (full 0):
 def new generation   total 4928K, used 384K [0x23b60000, 0x240b0000, 0x290b0000)
  eden space 4416K,   0% used [0x23b60000, 0x23b60000, 0x23fb0000)
  from space 512K,  75% used [0x23fb0000, 0x240101f8, 0x24030000)
  to   space 512K,   0% used [0x24030000, 0x24030000, 0x240b0000)
 tenured generation   total 10944K, used 2621K [0x290b0000, 0x29b60000, 0x33b60000)
   the space 10944K,  23% used [0x290b0000, 0x2933f560, 0x2933f600, 0x29b60000)
 compacting perm gen  total 12288K, used 3836K [0x33b60000, 0x34760000, 0x37b60000)
   the space 12288K,  31% used [0x33b60000, 0x33f1f038, 0x33f1f200, 0x34760000)
    ro space 10240K,  44% used [0x37b60000, 0x37fd7e30, 0x37fd8000, 0x38560000)
    rw space 12288K,  52% used [0x38560000, 0x38baeb58, 0x38baec00, 0x39160000)
}
Event: 13.198 GC heap before
{Heap before GC invocations=4 (full 0):
 def new generation   total 4928K, used 4800K [0x23b60000, 0x240b0000, 0x290b0000)
  eden space 4416K, 100% used [0x23b60000, 0x23fb0000, 0x23fb0000)
  from space 512K,  75% used [0x23fb0000, 0x240101f8, 0x24030000)
  to   space 512K,   0% used [0x24030000, 0x24030000, 0x240b0000)
 tenured generation   total 10944K, used 2621K [0x290b0000, 0x29b60000, 0x33b60000)
   the space 10944K,  23% used [0x290b0000, 0x2933f560, 0x2933f600, 0x29b60000)
 compacting perm gen  total 12288K, used 3861K [0x33b60000, 0x34760000, 0x37b60000)
   the space 12288K,  31% used [0x33b60000, 0x33f25740, 0x33f25800, 0x34760000)
    ro space 10240K,  44% used [0x37b60000, 0x37fd7e30, 0x37fd8000, 0x38560000)
    rw space 12288K,  52% used [0x38560000, 0x38baeb58, 0x38baec00, 0x39160000)
Event: 13.201 GC heap after
Heap after GC invocations=5 (full 0):
 def new generation   total 4928K, used 43K [0x23b60000, 0x240b0000, 0x290b0000)
  eden space 4416K,   0% used [0x23b60000, 0x23b60000, 0x23fb0000)
  from space 512K,   8% used [0x24030000, 0x2403aed8, 0x240b0000)
  to   space 512K,   0% used [0x23fb0000, 0x23fb0000, 0x24030000)
 tenured generation   total 10944K, used 2960K [0x290b0000, 0x29b60000, 0x33b60000)
   the space 10944K,  27% used [0x290b0000, 0x293940d0, 0x29394200, 0x29b60000)
 compacting perm gen  total 12288K, used 3861K [0x33b60000, 0x34760000, 0x37b60000)
   the space 12288K,  31% used [0x33b60000, 0x33f25740, 0x33f25800, 0x34760000)
    ro space 10240K,  44% used [0x37b60000, 0x37fd7e30, 0x37fd8000, 0x38560000)
    rw space 12288K,  52% used [0x38560000, 0x38baeb58, 0x38baec00, 0x39160000)
}

